<?xml version="1.0" encoding="utf-8"?><testsuites name="pytest tests"><testsuite name="pytest" errors="0" failures="0" skipped="0" tests="9" time="1.270" timestamp="2026-06-12T05:12:04.703966+00:00" hostname="agent-env-33eddfb9-5ede-4a6b-a946-c20c4056a438"><testcase classname="backend.tests.test_tony_taxi" name="test_root" time="0.173" /><testcase classname="backend.tests.test_tony_taxi" name="test_fare_whistler_yvr" time="0.044" /><testcase classname="backend.tests.test_tony_taxi" name="test_fare_fifa_premium" time="0.041" /><testcase classname="backend.tests.test_tony_taxi" name="test_fare_designated_driver" time="0.040" /><testcase classname="backend.tests.test_tony_taxi" name="test_fare_group_surcharge" time="0.043" /><testcase classname="backend.tests.test_tony_taxi" name="test_create_booking_and_persist" time="0.130" /><testcase classname="backend.tests.test_tony_taxi" name="test_list_bookings" time="0.043" /><testcase classname="backend.tests.test_tony_taxi" name="test_loyalty_flow" time="0.172" /><testcase classname="backend.tests.test_tony_taxi" name="test_testimonials" time="0.042" /></testsuite></testsuites>