<?xml version="1.0" encoding="utf-8"?><testsuites name="pytest tests"><testsuite name="pytest" errors="0" failures="0" skipped="0" tests="8" time="1.471" timestamp="2026-06-12T01:53:43.406872+00:00" hostname="agent-env-33eddfb9-5ede-4a6b-a946-c20c4056a438"><testcase classname="backend.tests.test_tony_taxi" name="test_root" time="0.304" /><testcase classname="backend.tests.test_tony_taxi" name="test_fare_whistler_yvr" time="0.046" /><testcase classname="backend.tests.test_tony_taxi" name="test_fare_fifa_premium" time="0.048" /><testcase classname="backend.tests.test_tony_taxi" name="test_fare_group_surcharge" time="0.052" /><testcase classname="backend.tests.test_tony_taxi" name="test_create_booking_and_persist" time="0.162" /><testcase classname="backend.tests.test_tony_taxi" name="test_list_bookings" time="0.054" /><testcase classname="backend.tests.test_tony_taxi" name="test_loyalty_flow" time="0.170" /><testcase classname="backend.tests.test_tony_taxi" name="test_testimonials" time="0.045" /></testsuite></testsuites>